<?xml version="1.0" encoding="UTF-8"?>
<!-- Generated by org.testng.reporters.JUnitXMLReporter -->
<testsuite ignored="0" hostname="LTIN611908" failures="3" tests="8" name="MiniProject" time="180.686" errors="0" timestamp="2025-06-30T17:35:38 IST">
  <testcase classname="com.cts.miniproject.testrunner.RediffAutomationTestRunner" name="validateCreateAccountPageOpened" time="0.049"/>
  <testcase classname="com.cts.miniproject.testrunner.RediffAutomationTestRunner" name="findNoOfLinksInPageAndPrintIt" time="1.161">
    <failure type="java.lang.AssertionError" message="Number of Links are not same expected [3] but found [5]">
      <![CDATA[java.lang.AssertionError: Number of Links are not same expected [3] but found [5]
at com.cts.miniproject.testrunner.RediffAutomationTestRunner.findNoOfLinksInPageAndPrintIt(RediffAutomationTestRunner.java:66)
at java.base/java.util.ArrayList.forEach(ArrayList.java:1596)
at com.intellij.rt.testng.IDEARemoteTestNG.run(IDEARemoteTestNG.java:65)
at com.intellij.rt.testng.RemoteTestNGStarter.main(RemoteTestNGStarter.java:105)
... Removed 28 stack frames]]>
    </failure>
  </testcase> <!-- findNoOfLinksInPageAndPrintIt -->
  <testcase classname="com.cts.miniproject.testrunner.RediffAutomationTestRunner" name="findNoOfLinksInPageAndPrintIt" time="0.264"/>
  <testcase classname="com.cts.miniproject.testrunner.RediffAutomationTestRunner" name="validateChildWindowIsOpened" time="2.594"/>
  <testcase classname="com.cts.miniproject.testrunner.RediffAutomationTestRunner" name="validateTheTitleOfChildWindow" time="2.499">
    <failure type="java.lang.AssertionError" message="Child Page Title did not match with the expected Title expected [Terms and Conditions Page] but found [Rediffmail: Terms and Conditions]">
      <![CDATA[java.lang.AssertionError: Child Page Title did not match with the expected Title expected [Terms and Conditions Page] but found [Rediffmail: Terms and Conditions]
at com.cts.miniproject.testrunner.RediffAutomationTestRunner.validateTheTitleOfChildWindow(RediffAutomationTestRunner.java:91)
at java.base/java.util.ArrayList.forEach(ArrayList.java:1596)
at com.intellij.rt.testng.IDEARemoteTestNG.run(IDEARemoteTestNG.java:65)
at com.intellij.rt.testng.RemoteTestNGStarter.main(RemoteTestNGStarter.java:105)
... Removed 27 stack frames]]>
    </failure>
  </testcase> <!-- validateTheTitleOfChildWindow -->
  <testcase classname="com.cts.miniproject.testrunner.RediffAutomationTestRunner" name="validateTheTitleOfChildWindow" time="2.438"/>
  <testcase classname="com.cts.miniproject.testrunner.RediffAutomationTestRunner" name="switchToParentWindow" time="6.629">
    <failure type="java.lang.AssertionError" message="Did not switch to Parent Page expected [Rediffmail Home Page] but found [Rediffmail Free Unlimited Storage]">
      <![CDATA[java.lang.AssertionError: Did not switch to Parent Page expected [Rediffmail Home Page] but found [Rediffmail Free Unlimited Storage]
at com.cts.miniproject.testrunner.RediffAutomationTestRunner.switchToParentWindow(RediffAutomationTestRunner.java:109)
at java.base/java.util.ArrayList.forEach(ArrayList.java:1596)
at com.intellij.rt.testng.IDEARemoteTestNG.run(IDEARemoteTestNG.java:65)
at com.intellij.rt.testng.RemoteTestNGStarter.main(RemoteTestNGStarter.java:105)
... Removed 27 stack frames]]>
    </failure>
  </testcase> <!-- switchToParentWindow -->
  <testcase classname="com.cts.miniproject.testrunner.RediffAutomationTestRunner" name="switchToParentWindow" time="6.613"/>
</testsuite> <!-- MiniProject -->
