<?xml version="1.0" encoding="UTF-8"?>
<testng-results ignored="0" total="8" passed="5" failed="3" skipped="0">
  <reporter-output>
  </reporter-output>
  <suite started-at="2025-06-30T17:32:37 IST" name="Default Suite" finished-at="2025-06-30T17:35:38 IST" duration-ms="180686">
    <groups>
    </groups>
    <test started-at="2025-06-30T17:32:37 IST" name="MiniProject" finished-at="2025-06-30T17:35:38 IST" duration-ms="180686">
      <class name="com.cts.miniproject.testrunner.RediffAutomationTestRunner">
        <test-method is-config="true" signature="init()[pri:0, instance:com.cts.miniproject.testrunner.RediffAutomationTestRunner@6c80d78a]" started-at="2025-06-30T17:32:37 IST" name="init" finished-at="2025-06-30T17:32:51 IST" duration-ms="13700" status="PASS">
          <reporter-output>
          </reporter-output>
        </test-method> <!-- init -->
        <test-method signature="validateCreateAccountPageOpened()[pri:0, instance:com.cts.miniproject.testrunner.RediffAutomationTestRunner@6c80d78a]" started-at="2025-06-30T17:32:51 IST" name="validateCreateAccountPageOpened" finished-at="2025-06-30T17:32:51 IST" duration-ms="49" status="PASS">
          <reporter-output>
          </reporter-output>
        </test-method> <!-- validateCreateAccountPageOpened -->
        <test-method is-config="true" signature="end()[pri:0, instance:com.cts.miniproject.testrunner.RediffAutomationTestRunner@6c80d78a]" started-at="2025-06-30T17:32:51 IST" name="end" finished-at="2025-06-30T17:33:00 IST" duration-ms="8977" status="PASS">
          <reporter-output>
          </reporter-output>
        </test-method> <!-- end -->
        <test-method is-config="true" signature="init()[pri:0, instance:com.cts.miniproject.testrunner.RediffAutomationTestRunner@6c80d78a]" started-at="2025-06-30T17:33:03 IST" name="init" finished-at="2025-06-30T17:33:13 IST" duration-ms="9789" status="PASS">
          <reporter-output>
          </reporter-output>
        </test-method> <!-- init -->
        <test-method signature="findNoOfLinksInPageAndPrintIt(java.lang.String)[pri:1, instance:com.cts.miniproject.testrunner.RediffAutomationTestRunner@6c80d78a]" started-at="2025-06-30T17:33:13 IST" name="findNoOfLinksInPageAndPrintIt" data-provider="excelTestData" finished-at="2025-06-30T17:33:14 IST" duration-ms="1161" status="FAIL">
          <params>
            <param index="0">
              <value>
                <![CDATA[3]]>
              </value>
            </param>
          </params>
          <exception class="java.lang.AssertionError">
            <message>
              <![CDATA[Number of Links are not same expected [3] but found [5]]]>
            </message>
            <full-stacktrace>
              <![CDATA[java.lang.AssertionError: Number of Links are not same expected [3] but found [5]
at org.testng.Assert.fail(Assert.java:111)
at org.testng.Assert.failNotEquals(Assert.java:1590)
at org.testng.Assert.assertEqualsImpl(Assert.java:150)
at org.testng.Assert.assertEquals(Assert.java:132)
at org.testng.Assert.assertEquals(Assert.java:1431)
at org.testng.Assert.assertEquals(Assert.java:1395)
at com.cts.miniproject.testrunner.RediffAutomationTestRunner.findNoOfLinksInPageAndPrintIt(RediffAutomationTestRunner.java:66)
at java.base/jdk.internal.reflect.DirectMethodHandleAccessor.invoke(DirectMethodHandleAccessor.java:103)
at java.base/java.lang.reflect.Method.invoke(Method.java:580)
at org.testng.internal.invokers.MethodInvocationHelper.invokeMethod(MethodInvocationHelper.java:141)
at org.testng.internal.invokers.TestInvoker.invokeMethod(TestInvoker.java:687)
at org.testng.internal.invokers.TestInvoker.invokeTestMethod(TestInvoker.java:230)
at org.testng.internal.invokers.MethodRunner.runInSequence(MethodRunner.java:63)
at org.testng.internal.invokers.TestInvoker$MethodInvocationAgent.invoke(TestInvoker.java:995)
at org.testng.internal.invokers.TestInvoker.invokeTestMethods(TestInvoker.java:203)
at org.testng.internal.invokers.TestMethodWorker.invokeTestMethods(TestMethodWorker.java:154)
at org.testng.internal.invokers.TestMethodWorker.run(TestMethodWorker.java:134)
at java.base/java.util.ArrayList.forEach(ArrayList.java:1596)
at org.testng.TestRunner.privateRun(TestRunner.java:741)
at org.testng.TestRunner.run(TestRunner.java:616)
at org.testng.SuiteRunner.runTest(SuiteRunner.java:421)
at org.testng.SuiteRunner.runSequentially(SuiteRunner.java:413)
at org.testng.SuiteRunner.privateRun(SuiteRunner.java:373)
at org.testng.SuiteRunner.run(SuiteRunner.java:312)
at org.testng.SuiteRunnerWorker.runSuite(SuiteRunnerWorker.java:52)
at org.testng.SuiteRunnerWorker.run(SuiteRunnerWorker.java:95)
at org.testng.TestNG.runSuitesSequentially(TestNG.java:1274)
at org.testng.TestNG.runSuitesLocally(TestNG.java:1208)
at org.testng.TestNG.runSuites(TestNG.java:1112)
at org.testng.TestNG.run(TestNG.java:1079)
at com.intellij.rt.testng.IDEARemoteTestNG.run(IDEARemoteTestNG.java:65)
at com.intellij.rt.testng.RemoteTestNGStarter.main(RemoteTestNGStarter.java:105)
]]>
            </full-stacktrace>
          </exception> <!-- java.lang.AssertionError -->
          <reporter-output>
          </reporter-output>
        </test-method> <!-- findNoOfLinksInPageAndPrintIt -->
        <test-method is-config="true" signature="end()[pri:0, instance:com.cts.miniproject.testrunner.RediffAutomationTestRunner@6c80d78a]" started-at="2025-06-30T17:33:15 IST" name="end" finished-at="2025-06-30T17:33:22 IST" duration-ms="7286" status="PASS">
          <reporter-output>
          </reporter-output>
        </test-method> <!-- end -->
        <test-method is-config="true" signature="init()[pri:0, instance:com.cts.miniproject.testrunner.RediffAutomationTestRunner@6c80d78a]" started-at="2025-06-30T17:33:22 IST" name="init" finished-at="2025-06-30T17:33:32 IST" duration-ms="9880" status="PASS">
          <reporter-output>
          </reporter-output>
        </test-method> <!-- init -->
        <test-method signature="findNoOfLinksInPageAndPrintIt(java.lang.String)[pri:1, instance:com.cts.miniproject.testrunner.RediffAutomationTestRunner@6c80d78a]" started-at="2025-06-30T17:33:32 IST" name="findNoOfLinksInPageAndPrintIt" data-provider="excelTestData" finished-at="2025-06-30T17:33:32 IST" duration-ms="264" status="PASS">
          <params>
            <param index="0">
              <value>
                <![CDATA[5]]>
              </value>
            </param>
          </params>
          <reporter-output>
          </reporter-output>
        </test-method> <!-- findNoOfLinksInPageAndPrintIt -->
        <test-method is-config="true" signature="end()[pri:0, instance:com.cts.miniproject.testrunner.RediffAutomationTestRunner@6c80d78a]" started-at="2025-06-30T17:33:32 IST" name="end" finished-at="2025-06-30T17:33:39 IST" duration-ms="7003" status="PASS">
          <reporter-output>
          </reporter-output>
        </test-method> <!-- end -->
        <test-method is-config="true" signature="init()[pri:0, instance:com.cts.miniproject.testrunner.RediffAutomationTestRunner@6c80d78a]" started-at="2025-06-30T17:33:39 IST" name="init" finished-at="2025-06-30T17:33:49 IST" duration-ms="10296" status="PASS">
          <reporter-output>
          </reporter-output>
        </test-method> <!-- init -->
        <test-method signature="validateChildWindowIsOpened()[pri:2, instance:com.cts.miniproject.testrunner.RediffAutomationTestRunner@6c80d78a]" started-at="2025-06-30T17:33:49 IST" name="validateChildWindowIsOpened" finished-at="2025-06-30T17:33:52 IST" duration-ms="2594" status="PASS">
          <reporter-output>
          </reporter-output>
        </test-method> <!-- validateChildWindowIsOpened -->
        <test-method is-config="true" signature="end()[pri:0, instance:com.cts.miniproject.testrunner.RediffAutomationTestRunner@6c80d78a]" started-at="2025-06-30T17:33:52 IST" name="end" finished-at="2025-06-30T17:34:01 IST" duration-ms="8556" status="PASS">
          <reporter-output>
          </reporter-output>
        </test-method> <!-- end -->
        <test-method is-config="true" signature="init()[pri:0, instance:com.cts.miniproject.testrunner.RediffAutomationTestRunner@6c80d78a]" started-at="2025-06-30T17:34:01 IST" name="init" finished-at="2025-06-30T17:34:11 IST" duration-ms="10026" status="PASS">
          <reporter-output>
          </reporter-output>
        </test-method> <!-- init -->
        <test-method signature="validateTheTitleOfChildWindow(java.lang.String)[pri:3, instance:com.cts.miniproject.testrunner.RediffAutomationTestRunner@6c80d78a]" started-at="2025-06-30T17:34:11 IST" name="validateTheTitleOfChildWindow" data-provider="excelTestData" finished-at="2025-06-30T17:34:13 IST" duration-ms="2499" status="FAIL">
          <params>
            <param index="0">
              <value>
                <![CDATA[Terms and Conditions Page]]>
              </value>
            </param>
          </params>
          <exception class="java.lang.AssertionError">
            <message>
              <![CDATA[Child Page Title did not match with the expected Title expected [Terms and Conditions Page] but found [Rediffmail: Terms and Conditions]]]>
            </message>
            <full-stacktrace>
              <![CDATA[java.lang.AssertionError: Child Page Title did not match with the expected Title expected [Terms and Conditions Page] but found [Rediffmail: Terms and Conditions]
at org.testng.Assert.fail(Assert.java:111)
at org.testng.Assert.failNotEquals(Assert.java:1590)
at org.testng.Assert.assertEqualsImpl(Assert.java:150)
at org.testng.Assert.assertEquals(Assert.java:132)
at org.testng.Assert.assertEquals(Assert.java:656)
at com.cts.miniproject.testrunner.RediffAutomationTestRunner.validateTheTitleOfChildWindow(RediffAutomationTestRunner.java:91)
at java.base/jdk.internal.reflect.DirectMethodHandleAccessor.invoke(DirectMethodHandleAccessor.java:103)
at java.base/java.lang.reflect.Method.invoke(Method.java:580)
at org.testng.internal.invokers.MethodInvocationHelper.invokeMethod(MethodInvocationHelper.java:141)
at org.testng.internal.invokers.TestInvoker.invokeMethod(TestInvoker.java:687)
at org.testng.internal.invokers.TestInvoker.invokeTestMethod(TestInvoker.java:230)
at org.testng.internal.invokers.MethodRunner.runInSequence(MethodRunner.java:63)
at org.testng.internal.invokers.TestInvoker$MethodInvocationAgent.invoke(TestInvoker.java:995)
at org.testng.internal.invokers.TestInvoker.invokeTestMethods(TestInvoker.java:203)
at org.testng.internal.invokers.TestMethodWorker.invokeTestMethods(TestMethodWorker.java:154)
at org.testng.internal.invokers.TestMethodWorker.run(TestMethodWorker.java:134)
at java.base/java.util.ArrayList.forEach(ArrayList.java:1596)
at org.testng.TestRunner.privateRun(TestRunner.java:741)
at org.testng.TestRunner.run(TestRunner.java:616)
at org.testng.SuiteRunner.runTest(SuiteRunner.java:421)
at org.testng.SuiteRunner.runSequentially(SuiteRunner.java:413)
at org.testng.SuiteRunner.privateRun(SuiteRunner.java:373)
at org.testng.SuiteRunner.run(SuiteRunner.java:312)
at org.testng.SuiteRunnerWorker.runSuite(SuiteRunnerWorker.java:52)
at org.testng.SuiteRunnerWorker.run(SuiteRunnerWorker.java:95)
at org.testng.TestNG.runSuitesSequentially(TestNG.java:1274)
at org.testng.TestNG.runSuitesLocally(TestNG.java:1208)
at org.testng.TestNG.runSuites(TestNG.java:1112)
at org.testng.TestNG.run(TestNG.java:1079)
at com.intellij.rt.testng.IDEARemoteTestNG.run(IDEARemoteTestNG.java:65)
at com.intellij.rt.testng.RemoteTestNGStarter.main(RemoteTestNGStarter.java:105)
]]>
            </full-stacktrace>
          </exception> <!-- java.lang.AssertionError -->
          <reporter-output>
          </reporter-output>
        </test-method> <!-- validateTheTitleOfChildWindow -->
        <test-method is-config="true" signature="end()[pri:0, instance:com.cts.miniproject.testrunner.RediffAutomationTestRunner@6c80d78a]" started-at="2025-06-30T17:34:13 IST" name="end" finished-at="2025-06-30T17:34:20 IST" duration-ms="6860" status="PASS">
          <reporter-output>
          </reporter-output>
        </test-method> <!-- end -->
        <test-method is-config="true" signature="init()[pri:0, instance:com.cts.miniproject.testrunner.RediffAutomationTestRunner@6c80d78a]" started-at="2025-06-30T17:34:20 IST" name="init" finished-at="2025-06-30T17:34:29 IST" duration-ms="9323" status="PASS">
          <reporter-output>
          </reporter-output>
        </test-method> <!-- init -->
        <test-method signature="validateTheTitleOfChildWindow(java.lang.String)[pri:3, instance:com.cts.miniproject.testrunner.RediffAutomationTestRunner@6c80d78a]" started-at="2025-06-30T17:34:29 IST" name="validateTheTitleOfChildWindow" data-provider="excelTestData" finished-at="2025-06-30T17:34:32 IST" duration-ms="2438" status="PASS">
          <params>
            <param index="0">
              <value>
                <![CDATA[Rediffmail: Terms and Conditions]]>
              </value>
            </param>
          </params>
          <reporter-output>
          </reporter-output>
        </test-method> <!-- validateTheTitleOfChildWindow -->
        <test-method is-config="true" signature="end()[pri:0, instance:com.cts.miniproject.testrunner.RediffAutomationTestRunner@6c80d78a]" started-at="2025-06-30T17:34:32 IST" name="end" finished-at="2025-06-30T17:34:39 IST" duration-ms="7458" status="PASS">
          <reporter-output>
          </reporter-output>
        </test-method> <!-- end -->
        <test-method is-config="true" signature="init()[pri:0, instance:com.cts.miniproject.testrunner.RediffAutomationTestRunner@6c80d78a]" started-at="2025-06-30T17:34:39 IST" name="init" finished-at="2025-06-30T17:34:49 IST" duration-ms="10054" status="PASS">
          <reporter-output>
          </reporter-output>
        </test-method> <!-- init -->
        <test-method signature="switchToParentWindow(java.lang.String)[pri:4, instance:com.cts.miniproject.testrunner.RediffAutomationTestRunner@6c80d78a]" started-at="2025-06-30T17:34:49 IST" name="switchToParentWindow" data-provider="excelTestData" finished-at="2025-06-30T17:34:56 IST" duration-ms="6629" status="FAIL">
          <params>
            <param index="0">
              <value>
                <![CDATA[Rediffmail Home Page]]>
              </value>
            </param>
          </params>
          <exception class="java.lang.AssertionError">
            <message>
              <![CDATA[Did not switch to Parent Page expected [Rediffmail Home Page] but found [Rediffmail Free Unlimited Storage]]]>
            </message>
            <full-stacktrace>
              <![CDATA[java.lang.AssertionError: Did not switch to Parent Page expected [Rediffmail Home Page] but found [Rediffmail Free Unlimited Storage]
at org.testng.Assert.fail(Assert.java:111)
at org.testng.Assert.failNotEquals(Assert.java:1590)
at org.testng.Assert.assertEqualsImpl(Assert.java:150)
at org.testng.Assert.assertEquals(Assert.java:132)
at org.testng.Assert.assertEquals(Assert.java:656)
at com.cts.miniproject.testrunner.RediffAutomationTestRunner.switchToParentWindow(RediffAutomationTestRunner.java:109)
at java.base/jdk.internal.reflect.DirectMethodHandleAccessor.invoke(DirectMethodHandleAccessor.java:103)
at java.base/java.lang.reflect.Method.invoke(Method.java:580)
at org.testng.internal.invokers.MethodInvocationHelper.invokeMethod(MethodInvocationHelper.java:141)
at org.testng.internal.invokers.TestInvoker.invokeMethod(TestInvoker.java:687)
at org.testng.internal.invokers.TestInvoker.invokeTestMethod(TestInvoker.java:230)
at org.testng.internal.invokers.MethodRunner.runInSequence(MethodRunner.java:63)
at org.testng.internal.invokers.TestInvoker$MethodInvocationAgent.invoke(TestInvoker.java:995)
at org.testng.internal.invokers.TestInvoker.invokeTestMethods(TestInvoker.java:203)
at org.testng.internal.invokers.TestMethodWorker.invokeTestMethods(TestMethodWorker.java:154)
at org.testng.internal.invokers.TestMethodWorker.run(TestMethodWorker.java:134)
at java.base/java.util.ArrayList.forEach(ArrayList.java:1596)
at org.testng.TestRunner.privateRun(TestRunner.java:741)
at org.testng.TestRunner.run(TestRunner.java:616)
at org.testng.SuiteRunner.runTest(SuiteRunner.java:421)
at org.testng.SuiteRunner.runSequentially(SuiteRunner.java:413)
at org.testng.SuiteRunner.privateRun(SuiteRunner.java:373)
at org.testng.SuiteRunner.run(SuiteRunner.java:312)
at org.testng.SuiteRunnerWorker.runSuite(SuiteRunnerWorker.java:52)
at org.testng.SuiteRunnerWorker.run(SuiteRunnerWorker.java:95)
at org.testng.TestNG.runSuitesSequentially(TestNG.java:1274)
at org.testng.TestNG.runSuitesLocally(TestNG.java:1208)
at org.testng.TestNG.runSuites(TestNG.java:1112)
at org.testng.TestNG.run(TestNG.java:1079)
at com.intellij.rt.testng.IDEARemoteTestNG.run(IDEARemoteTestNG.java:65)
at com.intellij.rt.testng.RemoteTestNGStarter.main(RemoteTestNGStarter.java:105)
]]>
            </full-stacktrace>
          </exception> <!-- java.lang.AssertionError -->
          <reporter-output>
          </reporter-output>
        </test-method> <!-- switchToParentWindow -->
        <test-method is-config="true" signature="end()[pri:0, instance:com.cts.miniproject.testrunner.RediffAutomationTestRunner@6c80d78a]" started-at="2025-06-30T17:34:56 IST" name="end" finished-at="2025-06-30T17:35:04 IST" duration-ms="7340" status="PASS">
          <reporter-output>
          </reporter-output>
        </test-method> <!-- end -->
        <test-method is-config="true" signature="init()[pri:0, instance:com.cts.miniproject.testrunner.RediffAutomationTestRunner@6c80d78a]" started-at="2025-06-30T17:35:04 IST" name="init" finished-at="2025-06-30T17:35:16 IST" duration-ms="12596" status="PASS">
          <reporter-output>
          </reporter-output>
        </test-method> <!-- init -->
        <test-method signature="switchToParentWindow(java.lang.String)[pri:4, instance:com.cts.miniproject.testrunner.RediffAutomationTestRunner@6c80d78a]" started-at="2025-06-30T17:35:16 IST" name="switchToParentWindow" data-provider="excelTestData" finished-at="2025-06-30T17:35:23 IST" duration-ms="6613" status="PASS">
          <params>
            <param index="0">
              <value>
                <![CDATA[Rediffmail Free Unlimited Storage]]>
              </value>
            </param>
          </params>
          <reporter-output>
          </reporter-output>
        </test-method> <!-- switchToParentWindow -->
        <test-method is-config="true" signature="end()[pri:0, instance:com.cts.miniproject.testrunner.RediffAutomationTestRunner@6c80d78a]" started-at="2025-06-30T17:35:23 IST" name="end" finished-at="2025-06-30T17:35:38 IST" duration-ms="14803" status="PASS">
          <reporter-output>
          </reporter-output>
        </test-method> <!-- end -->
      </class> <!-- com.cts.miniproject.testrunner.RediffAutomationTestRunner -->
    </test> <!-- MiniProject -->
  </suite> <!-- Default Suite -->
</testng-results>
